walk_time 0.3645581603050232
bfs_time 0.0761670470237732
ri_time 0.298557311296463
walks_writing_time 0.10883352160453796
learning_time 7.987158298492432
walk_time 0.22085532546043396
bfs_time 0.04999151825904846
ri_time 0.1933935284614563
walks_writing_time 0.06959298253059387
learning_time 5.718515157699585
walk_time 0.46015992760658264
bfs_time 0.16106188297271729
ri_time 0.7167014479637146
walks_writing_time 0.22140833735466003
learning_time 18.240126371383667
walk_time 0.3507842719554901
bfs_time 0.0853855311870575
ri_time 0.37753358483314514
walks_writing_time 0.11107370257377625
learning_time 9.181458950042725
walk_time 0.38371118903160095
bfs_time 0.06936541199684143
ri_time 0.2777194082736969
walks_writing_time 0.10646611452102661
learning_time 8.370174884796143
walk_time 0.2563249170780182
bfs_time 0.061276018619537354
ri_time 0.25936758518218994
walks_writing_time 0.09325966238975525
learning_time 6.763350963592529
walk_time 0.3609204888343811
bfs_time 0.06289538741111755
ri_time 0.2516370117664337
walks_writing_time 0.09929883480072021
learning_time 6.794345855712891
walk_time 0.24592360854148865
bfs_time 0.04516288638114929
ri_time 0.18019706010818481
walks_writing_time 0.06166583299636841
learning_time 5.204766511917114
walk_time 0.36361175775527954
bfs_time 0.07491880655288696
ri_time 0.32687094807624817
walks_writing_time 0.13838034868240356
learning_time 7.390665531158447
walk_time 0.5165152251720428
bfs_time 0.1118985116481781
ri_time 0.4402337670326233
walks_writing_time 0.15059757232666016
learning_time 9.210475206375122
walk_time 0.29997727274894714
bfs_time 0.05203676223754883
ri_time 0.19913679361343384
walks_writing_time 0.08115831017494202
learning_time 6.3914008140563965
walk_time 0.12731459736824036
bfs_time 0.01614639163017273
ri_time 0.0735684335231781
walks_writing_time 0.027320921421051025
learning_time 2.617872953414917
walk_time 0.36497485637664795
bfs_time 0.07679271697998047
ri_time 0.3246910870075226
walks_writing_time 0.12273603677749634
learning_time 8.337694644927979
walk_time 0.14885345101356506
bfs_time 0.03540429472923279
ri_time 0.14984890818595886
walks_writing_time 0.05298358201980591
learning_time 4.512937545776367
walk_time 0.2757633328437805
bfs_time 0.07180771231651306
ri_time 0.30618053674697876
walks_writing_time 0.13576257228851318
learning_time 7.4706385135650635
walk_time 0.25332197546958923
bfs_time 0.06420350074768066
ri_time 0.2588087022304535
walks_writing_time 0.08626988530158997
learning_time 5.82821249961853
walk_time 0.18188679218292236
bfs_time 0.020444869995117188
ri_time 0.09424957633018494
walks_writing_time 0.03927046060562134
learning_time 3.6651124954223633
walk_time 0.118306964635849
bfs_time 0.023563683032989502
ri_time 0.09523537755012512
walks_writing_time 0.04300975799560547
learning_time 3.378972291946411
walk_time 0.21587643027305603
bfs_time 0.03587716817855835
ri_time 0.16475769877433777
walks_writing_time 0.05946573615074158
learning_time 4.647795677185059
walk_time 0.28629058599472046
bfs_time 0.04768678545951843
ri_time 0.16164755821228027
walks_writing_time 0.07342654466629028
learning_time 4.630892515182495
walk_time 0.20821118354797363
bfs_time 0.02667921781539917
ri_time 0.1128048300743103
walks_writing_time 0.04924368858337402
learning_time 4.196380615234375
walk_time 0.3371623456478119
bfs_time 0.06788185238838196
ri_time 0.26204729080200195
walks_writing_time 0.10883483290672302
learning_time 7.955390453338623
walk_time 0.29501664638519287
bfs_time 0.05472847819328308
ri_time 0.19691914319992065
walks_writing_time 0.07779175043106079
learning_time 5.955524206161499
walk_time 0.2963820695877075
bfs_time 0.06262999773025513
ri_time 0.230413556098938
walks_writing_time 0.07579731941223145
learning_time 6.957826614379883
walk_time 0.1634404957294464
bfs_time 0.014959484338760376
ri_time 0.07953491806983948
walks_writing_time 0.038522571325302124
learning_time 3.660773754119873
walk_time 0.1961643397808075
bfs_time 0.03503832221031189
ri_time 0.15278342366218567
walks_writing_time 0.055601418018341064
learning_time 5.951032638549805
walk_time 0.0867621898651123
bfs_time 0.008719533681869507
ri_time 0.038667887449264526
walks_writing_time 0.01845070719718933
learning_time 2.6708905696868896
walk_time 0.12731575965881348
bfs_time 0.025423914194107056
ri_time 0.09696745872497559
walks_writing_time 0.04251161217689514
learning_time 4.612671852111816
walk_time 0.34227272868156433
bfs_time 0.06258180737495422
ri_time 0.26536130905151367
walks_writing_time 0.09674128890037537
learning_time 9.142563819885254
walk_time 0.1996859908103943
bfs_time 0.038816750049591064
ri_time 0.15731433033943176
walks_writing_time 0.05572611093521118
learning_time 7.158437728881836
walk_time 0.20539790391921997
bfs_time 0.038583844900131226
ri_time 0.15452560782432556
walks_writing_time 0.06532838940620422
learning_time 4.396249294281006
walk_time 0.26304522156715393
bfs_time 0.04155263304710388
ri_time 0.14838415384292603
walks_writing_time 0.07573682069778442
learning_time 5.108587741851807
walk_time 0.25898608565330505
bfs_time 0.06291705369949341
ri_time 0.25992462038993835
walks_writing_time 0.1062154769897461
learning_time 6.908789157867432
walk_time 0.1612575352191925
bfs_time 0.016517728567123413
ri_time 0.08664262294769287
walks_writing_time 0.03690144419670105
learning_time 3.3271093368530273
walk_time 0.30181995034217834
bfs_time 0.049866318702697754
ri_time 0.19709467887878418
walks_writing_time 0.08651944994926453
learning_time 6.681426763534546
walk_time 0.3621661365032196
bfs_time 0.06491228938102722
ri_time 0.2584638297557831
walks_writing_time 0.09724000096321106
learning_time 7.72504997253418
walk_time 0.19897198677062988
bfs_time 0.04475471377372742
ri_time 0.1590707004070282
walks_writing_time 0.06083709001541138
learning_time 4.442303419113159
walk_time 0.21490907669067383
bfs_time 0.04494461417198181
ri_time 0.1833564043045044
walks_writing_time 0.06558141112327576
learning_time 5.553157806396484
walk_time 0.16269028186798096
bfs_time 0.025681406259536743
ri_time 0.10260084271430969
walks_writing_time 0.04849514365196228
learning_time 3.6188414096832275
walk_time 0.2837163805961609
bfs_time 0.04512438178062439
ri_time 0.185908704996109
walks_writing_time 0.07405173778533936
learning_time 5.8615734577178955
walk_time 0.3129989802837372
bfs_time 0.047872334718704224
ri_time 0.16983556747436523
walks_writing_time 0.08078372478485107
learning_time 5.6718034744262695
walk_time 0.424295037984848
bfs_time 0.0656990110874176
ri_time 0.26922568678855896
walks_writing_time 0.1099560558795929
learning_time 7.148536920547485
walk_time 0.41274774074554443
bfs_time 0.07368755340576172
ri_time 0.3136972486972809
walks_writing_time 0.12092682719230652
learning_time 7.242432355880737
walk_time 0.3189137279987335
bfs_time 0.05028003454208374
ri_time 0.20103517174720764
walks_writing_time 0.08551919460296631
learning_time 6.4778969287872314
walk_time 0.3667621612548828
bfs_time 0.05704498291015625
ri_time 0.22882217168807983
walks_writing_time 0.09561967849731445
learning_time 6.275087594985962
walk_time 0.20259445905685425
bfs_time 0.03014981746673584
ri_time 0.10522723197937012
walks_writing_time 0.048744916915893555
learning_time 3.732591152191162
walk_time 0.31914594769477844
bfs_time 0.050989359617233276
ri_time 0.1984694004058838
walks_writing_time 0.08103367686271667
learning_time 6.464559316635132
walk_time 0.17989739775657654
bfs_time 0.026443123817443848
ri_time 0.09675002098083496
walks_writing_time 0.03909033536911011
learning_time 3.866633176803589
walk_time 0.15370282530784607
bfs_time 0.02767661213874817
ri_time 0.11115613579750061
walks_writing_time 0.048558950424194336
learning_time 4.478031873703003
